18:05:21 HelloWorldKiosk.1 | started with pid 1540
18:05:21 JavaHello.1       | started with pid 1542
18:05:21 JavaHello.1       | 18:05:21 kiosk.1 | started with pid 1555
18:05:21 HelloWorldKiosk.1 | 18:05:21 kiosk.1 | started with pid 1558
18:05:32 HelloWorldKiosk.1 | 18:05:32 kiosk.1 | [2013-04-28 18:05:32] INFO  WEBrick 1.3.1
18:05:32 HelloWorldKiosk.1 | 18:05:32 kiosk.1 | [2013-04-28 18:05:32] INFO  ruby 1.9.3 (2013-02-21) [java]
18:05:32 JavaHello.1       | 18:05:32 kiosk.1 | [2013-04-28 18:05:32] INFO  WEBrick 1.3.1
18:05:32 JavaHello.1       | 18:05:32 kiosk.1 | [2013-04-28 18:05:32] INFO  ruby 1.9.3 (2013-02-21) [java]
18:05:32 HelloWorldKiosk.1 | 18:05:32 kiosk.1 | == Sinatra/1.4.2 has taken the stage on 9901 for development with backup from WEBrick
18:05:32 HelloWorldKiosk.1 | 18:05:32 kiosk.1 | [2013-04-28 18:05:32] INFO  WEBrick::HTTPServer#start: pid=1562 port=9901
18:05:32 JavaHello.1       | 18:05:32 kiosk.1 | == Sinatra/1.4.2 has taken the stage on 9902 for development with backup from WEBrick
18:05:32 JavaHello.1       | 18:05:32 kiosk.1 | [2013-04-28 18:05:32] INFO  WEBrick::HTTPServer#start: pid=1561 port=9902
SIGINT received
18:05:59 system            | sending SIGTERM to all processes
18:05:59 HelloWorldKiosk.1 | terminated by SIGTERM
18:06:05 HelloWorldKiosk.1 | started with pid 1746
18:06:05 JavaHello.1       | started with pid 1748
18:06:05 HelloWorldKiosk.1 | 18:06:05 kiosk.1 | started with pid 1761
18:06:05 JavaHello.1       | 18:06:05 kiosk.1 | started with pid 1764
18:06:16 HelloWorldKiosk.1 | 18:06:16 kiosk.1 | [2013-04-28 18:06:16] INFO  WEBrick 1.3.1
18:06:16 HelloWorldKiosk.1 | 18:06:16 kiosk.1 | [2013-04-28 18:06:16] INFO  ruby 1.9.3 (2013-02-21) [java]
18:06:16 HelloWorldKiosk.1 | 18:06:16 kiosk.1 | == Sinatra/1.4.2 has taken the stage on 9901 for development with backup from WEBrick
18:06:16 HelloWorldKiosk.1 | 18:06:16 kiosk.1 | [2013-04-28 18:06:16] INFO  WEBrick::HTTPServer#start: pid=1767 port=9901
18:06:16 JavaHello.1       | 18:06:16 kiosk.1 | [2013-04-28 18:06:16] INFO  WEBrick 1.3.1
18:06:16 JavaHello.1       | 18:06:16 kiosk.1 | [2013-04-28 18:06:16] INFO  ruby 1.9.3 (2013-02-21) [java]
18:06:16 JavaHello.1       | 18:06:16 kiosk.1 | == Sinatra/1.4.2 has taken the stage on 9902 for development with backup from WEBrick
18:06:16 JavaHello.1       | 18:06:16 kiosk.1 | [2013-04-28 18:06:16] INFO  WEBrick::HTTPServer#start: pid=1768 port=9902
SIGINT received
18:06:41 system            | sending SIGTERM to all processes
18:06:41 HelloWorldKiosk.1 | terminated by SIGTERM
18:07:18 HelloWorldKiosk.1 | started with pid 1835
18:07:18 JavaHello.1       | started with pid 1837
18:07:18 HelloWorldKiosk.1 | 18:07:18 kiosk.1 | started with pid 1850
18:07:18 JavaHello.1       | 18:07:18 kiosk.1 | started with pid 1853
18:07:29 JavaHello.1       | 18:07:29 kiosk.1 | [2013-04-28 18:07:29] INFO  WEBrick 1.3.1
18:07:29 JavaHello.1       | 18:07:29 kiosk.1 | [2013-04-28 18:07:29] INFO  ruby 1.9.3 (2013-02-21) [java]
18:07:29 JavaHello.1       | 18:07:29 kiosk.1 | == Sinatra/1.4.2 has taken the stage on 9902 for development with backup from WEBrick
18:07:29 JavaHello.1       | 18:07:29 kiosk.1 | [2013-04-28 18:07:29] INFO  WEBrick::HTTPServer#start: pid=1857 port=9902
18:07:29 HelloWorldKiosk.1 | 18:07:29 kiosk.1 | [2013-04-28 18:07:29] INFO  WEBrick 1.3.1
18:07:29 HelloWorldKiosk.1 | 18:07:29 kiosk.1 | [2013-04-28 18:07:29] INFO  ruby 1.9.3 (2013-02-21) [java]
18:07:29 HelloWorldKiosk.1 | 18:07:29 kiosk.1 | == Sinatra/1.4.2 has taken the stage on 9901 for development with backup from WEBrick
18:07:29 HelloWorldKiosk.1 | 18:07:29 kiosk.1 | [2013-04-28 18:07:29] INFO  WEBrick::HTTPServer#start: pid=1855 port=9901
SIGHUP received
18:08:36 system            | sending SIGTERM to all processes
18:08:36 HelloWorldKiosk.1 | terminated by SIGTERM
18:10:35 HelloWorldKiosk.1 | started with pid 1923
18:10:35 JavaHello.1       | started with pid 1925
18:10:35 HelloWorldKiosk.1 | 18:10:35 kiosk.1 | started with pid 1938
18:10:35 JavaHello.1       | 18:10:35 kiosk.1 | started with pid 1941
18:10:45 JavaHello.1       | 18:10:45 kiosk.1 | [2013-04-28 18:10:45] INFO  WEBrick 1.3.1
18:10:45 JavaHello.1       | 18:10:45 kiosk.1 | [2013-04-28 18:10:45] INFO  ruby 1.9.3 (2013-02-21) [java]
18:10:45 JavaHello.1       | 18:10:45 kiosk.1 | [2013-04-28 18:10:45] WARN  TCPServer Error: Address already in use - bind - Address already in use
18:10:45 JavaHello.1       | 18:10:45 kiosk.1 | == Someone is already performing on port 9902!
18:10:45 HelloWorldKiosk.1 | 18:10:45 kiosk.1 | [2013-04-28 18:10:45] INFO  WEBrick 1.3.1
18:10:45 HelloWorldKiosk.1 | 18:10:45 kiosk.1 | [2013-04-28 18:10:45] INFO  ruby 1.9.3 (2013-02-21) [java]
18:10:45 JavaHello.1       | 18:10:45 kiosk.1 | exited with code 0
18:10:45 JavaHello.1       | 18:10:45 system  | sending SIGTERM to all processes
18:10:45 JavaHello.1       | exited with code 0
18:10:45 system            | sending SIGTERM to all processes
18:10:45 HelloWorldKiosk.1 | 18:10:45 kiosk.1 | [2013-04-28 18:10:45] WARN  TCPServer Error: Address already in use - bind - Address already in use
18:10:45 HelloWorldKiosk.1 | 18:10:45 kiosk.1 | == Someone is already performing on port 9901!
18:10:45 HelloWorldKiosk.1 | 18:10:45 kiosk.1 | exited with code 0
18:10:45 HelloWorldKiosk.1 | 18:10:45 system  | sending SIGTERM to all processes
18:10:45 HelloWorldKiosk.1 | terminated by SIGTERM
